-------------------------------------------------------------------------------
Test set: negocio.controllers.GestorPropuestasCursosTest
-------------------------------------------------------------------------------
Tests run: 2, Failures: 1, Errors: 0, Skipped: 0, Time elapsed: 0.019 s <<< FAILURE! - in negocio.controllers.GestorPropuestasCursosTest
test(negocio.controllers.GestorPropuestasCursosTest)  Time elapsed: 0.004 s  <<< FAILURE!
java.lang.AssertionError: Not yet implemented
	at negocio.controllers.GestorPropuestasCursosTest.test(GestorPropuestasCursosTest.java:11)

