<?xml version="1.0" encoding="UTF-8"?>
<testsuite xmlns:xsi="http://www.w3.org/2001/XMLSchema-instance" xsi:noNamespaceSchemaLocation="https://maven.apache.org/surefire/maven-surefire-plugin/xsd/surefire-test-report.xsd" name="negocio.controllers.GestorPropuestasCursosTest" time="0.019" tests="2" errors="0" skipped="0" failures="1">
  <properties>
[...]
</properties>
  <testcase name="eliminarCurso" classname="negocio.controllers.GestorPropuestasCursosTest" time="0.006"/>
  <testcase name="test" classname="negocio.controllers.GestorPropuestasCursosTest" time="0.004">
    <failure message="Not yet implemented" type="java.lang.AssertionError">java.lang.AssertionError: Not yet implemented
	at negocio.controllers.GestorPropuestasCursosTest.test(GestorPropuestasCursosTest.java:11)
</failure>
  </testcase>
</testsuite>