<?xml version="1.0" encoding="UTF-8" ?>
<testsuite tests="9" failures="0" name="negocio.controllers.GestorPropuestasCursosTest" time="3.083" errors="0" skipped="0">
  <properties>
[...]
</properties>
  <testcase classname="negocio.controllers.GestorPropuestasCursosTest" name="testListarCursosWhereEstadoCurso" time="0.425"/>
  <testcase classname="negocio.controllers.GestorPropuestasCursosTest" name="testDarBajaCurso" time="0.37"/>
  <testcase classname="negocio.controllers.GestorPropuestasCursosTest" name="testRealizarPropuestaCurso" time="0.345"/>
  <testcase classname="negocio.controllers.GestorPropuestasCursosTest" name="testEditarPropuestaCurso" time="0.316"/>
  <testcase classname="negocio.controllers.GestorPropuestasCursosTest" name="testListarCentros" time="0.373"/>
  <testcase classname="negocio.controllers.GestorPropuestasCursosTest" name="testListarProfesoresUCLM" time="0.381"/>
  <testcase classname="negocio.controllers.GestorPropuestasCursosTest" name="testListarCursos" time="0.296"/>
  <testcase classname="negocio.controllers.GestorPropuestasCursosTest" name="testListarCursosWhereTipoCurso" time="0.307"/>
  <testcase classname="negocio.controllers.GestorPropuestasCursosTest" name="testListarCurso" time="0.27"/>
</testsuite>